<?xml version="1.0" encoding="UTF-8"?>
<!-- Generated by org.testng.reporters.JUnitReportReporter -->
<testsuite hostname="DESKTOP-N47010M" failures="0" tests="3" name="TestSuites.beCognizant" time="88.254" errors="0" timestamp="2022-07-07T19:32:19 IST" skipped="0">
  <testcase classname="TestSuites.beCognizant" name="loginPage" time="28.588"/>
  <system-out/>
  <testcase classname="TestSuites.beCognizant" name="userNameVerification" time="26.824"/>
  <system-out/>
  <testcase classname="TestSuites.beCognizant" name="captureHeader" time="32.842"/>
  <system-out/>
</testsuite> <!-- TestSuites.beCognizant -->
